<?xml version="1.0" encoding="UTF-8"?>
<coverage generated="1757142950207" clover="3.2.0">
  <project timestamp="1757142950207" name="All files">
    <metrics statements="162" coveredstatements="160" conditionals="66" coveredconditionals="52" methods="45" coveredmethods="44" elements="273" coveredelements="256" complexity="0" loc="162" ncloc="162" packages="1" files="4" classes="4"/>
    <file name="bank.js" path="D:\深圳刷客\src\bank.js">
      <metrics statements="27" coveredstatements="27" conditionals="7" coveredconditionals="6" methods="4" coveredmethods="4"/>
      <line num="1" count="1" type="stmt"/>
      <line num="2" count="1" type="stmt"/>
      <line num="3" count="1" type="stmt"/>
      <line num="9" count="1" type="stmt"/>
      <line num="10" count="1" type="stmt"/>
      <line num="11" count="2" type="stmt"/>
      <line num="13" count="1" type="stmt"/>
      <line num="17" count="1" type="stmt"/>
      <line num="18" count="2" type="stmt"/>
      <line num="26" count="2" type="stmt"/>
      <line num="27" count="4" type="cond" truecount="2" falsecount="0"/>
      <line num="28" count="3" type="cond" truecount="2" falsecount="0"/>
      <line num="29" count="2" type="cond" truecount="2" falsecount="0"/>
      <line num="30" count="1" type="stmt"/>
      <line num="33" count="2" type="stmt"/>
      <line num="37" count="1" type="cond" truecount="0" falsecount="1"/>
      <line num="38" count="1" type="stmt"/>
      <line num="39" count="1" type="stmt"/>
      <line num="40" count="2" type="stmt"/>
      <line num="43" count="1" type="stmt"/>
      <line num="46" count="1" type="stmt"/>
      <line num="47" count="1" type="stmt"/>
      <line num="48" count="1" type="stmt"/>
      <line num="49" count="1" type="stmt"/>
      <line num="50" count="1" type="stmt"/>
      <line num="51" count="1" type="stmt"/>
      <line num="54" count="1" type="stmt"/>
    </file>
    <file name="platforms.js" path="D:\深圳刷客\src\platforms.js">
      <metrics statements="7" coveredstatements="7" conditionals="2" coveredconditionals="2" methods="4" coveredmethods="4"/>
      <line num="3" count="1" type="stmt"/>
      <line num="36" count="2" type="stmt"/>
      <line num="37" count="4" type="stmt"/>
      <line num="38" count="4" type="cond" truecount="2" falsecount="0"/>
      <line num="40" count="1" type="stmt"/>
      <line num="44" count="2" type="stmt"/>
      <line num="48" count="1" type="stmt"/>
    </file>
    <file name="registry.js" path="D:\深圳刷客\src\registry.js">
      <metrics statements="5" coveredstatements="5" conditionals="1" coveredconditionals="0" methods="4" coveredmethods="4"/>
      <line num="1" count="1" type="stmt"/>
      <line num="2" count="1" type="stmt"/>
      <line num="5" count="1" type="stmt"/>
      <line num="7" count="5" type="stmt"/>
      <line num="8" count="3" type="cond" truecount="0" falsecount="1"/>
    </file>
    <file name="util.js" path="D:\深圳刷客\src\util.js">
      <metrics statements="123" coveredstatements="121" conditionals="56" coveredconditionals="44" methods="33" coveredmethods="32"/>
      <line num="1" count="1" type="stmt"/>
      <line num="2" count="1" type="stmt"/>
      <line num="3" count="1" type="stmt"/>
      <line num="6" count="1" type="stmt"/>
      <line num="7" count="100" type="stmt"/>
      <line num="11" count="1" type="stmt"/>
      <line num="12" count="2" type="cond" truecount="2" falsecount="0"/>
      <line num="13" count="1" type="stmt"/>
      <line num="14" count="1" type="stmt"/>
      <line num="15" count="5" type="stmt"/>
      <line num="20" count="5" type="stmt"/>
      <line num="25" count="1" type="stmt"/>
      <line num="26" count="3" type="stmt"/>
      <line num="27" count="3" type="stmt"/>
      <line num="28" count="3" type="stmt"/>
      <line num="29" count="3" type="cond" truecount="2" falsecount="0"/>
      <line num="33" count="1" type="cond" truecount="0" falsecount="1"/>
      <line num="34" count="3" type="stmt"/>
      <line num="35" count="3" type="stmt"/>
      <line num="36" count="3" type="cond" truecount="2" falsecount="0"/>
      <line num="37" count="1" type="stmt"/>
      <line num="38" count="1" type="stmt"/>
      <line num="41" count="2" type="stmt"/>
      <line num="42" count="1" type="stmt"/>
      <line num="43" count="1" type="cond" truecount="1" falsecount="1"/>
      <line num="44" count="1" type="stmt"/>
      <line num="45" count="1" type="stmt"/>
      <line num="49" count="2" type="stmt"/>
      <line num="54" count="2" type="stmt"/>
      <line num="55" count="1" type="stmt"/>
      <line num="56" count="1" type="stmt"/>
      <line num="62" count="1" type="cond" truecount="0" falsecount="2"/>
      <line num="63" count="2" type="stmt"/>
      <line num="64" count="2" type="stmt"/>
      <line num="66" count="1" type="stmt"/>
      <line num="67" count="1" type="stmt"/>
      <line num="72" count="1" type="stmt"/>
      <line num="73" count="6" type="stmt"/>
      <line num="74" count="6" type="stmt"/>
      <line num="76" count="6" type="cond" truecount="4" falsecount="0"/>
      <line num="78" count="2" type="stmt"/>
      <line num="79" count="2" type="stmt"/>
      <line num="81" count="1" type="stmt"/>
      <line num="82" count="1" type="stmt"/>
      <line num="85" count="3" type="stmt"/>
      <line num="86" count="3" type="stmt"/>
      <line num="91" count="2" type="stmt"/>
      <line num="92" count="1" type="stmt"/>
      <line num="93" count="2" type="stmt"/>
      <line num="96" count="1" type="stmt"/>
      <line num="98" count="1" type="stmt"/>
      <line num="99" count="3" type="stmt"/>
      <line num="100" count="1" type="stmt"/>
      <line num="101" count="1" type="stmt"/>
      <line num="103" count="3" type="stmt"/>
      <line num="104" count="3" type="stmt"/>
      <line num="109" count="1" type="cond" truecount="0" falsecount="1"/>
      <line num="111" count="2" type="stmt"/>
      <line num="112" count="7" type="stmt"/>
      <line num="113" count="2" type="stmt"/>
      <line num="114" count="2" type="cond" truecount="2" falsecount="0"/>
      <line num="116" count="7" type="cond" truecount="2" falsecount="0"/>
      <line num="117" count="7" type="stmt"/>
      <line num="118" count="7" type="stmt"/>
      <line num="119" count="7" type="cond" truecount="2" falsecount="0"/>
      <line num="124" count="1" type="stmt"/>
      <line num="125" count="5" type="cond" truecount="2" falsecount="0"/>
      <line num="126" count="4" type="stmt"/>
      <line num="127" count="4" type="cond" truecount="3" falsecount="0"/>
      <line num="133" count="1" type="cond" truecount="1" falsecount="0"/>
      <line num="134" count="2" type="cond" truecount="2" falsecount="0"/>
      <line num="135" count="1" type="stmt"/>
      <line num="144" count="1" type="stmt"/>
      <line num="146" count="4" type="stmt"/>
      <line num="147" count="4" type="stmt"/>
      <line num="148" count="4" type="cond" truecount="2" falsecount="0"/>
      <line num="150" count="1" type="stmt"/>
      <line num="151" count="1" type="stmt"/>
      <line num="156" count="2" type="stmt"/>
      <line num="157" count="2" type="stmt"/>
      <line num="158" count="1" type="stmt"/>
      <line num="160" count="1" type="stmt"/>
      <line num="161" count="1" type="stmt"/>
      <line num="166" count="2" type="stmt"/>
      <line num="167" count="2" type="stmt"/>
      <line num="168" count="1" type="stmt"/>
      <line num="170" count="1" type="stmt"/>
      <line num="171" count="1" type="stmt"/>
      <line num="177" count="1" type="stmt"/>
      <line num="178" count="1" type="stmt"/>
      <line num="179" count="1" type="stmt"/>
      <line num="182" count="1" type="stmt"/>
      <line num="183" count="2" type="stmt"/>
      <line num="184" count="2" type="cond" truecount="2" falsecount="0"/>
      <line num="185" count="2" type="stmt"/>
      <line num="186" count="2" type="cond" truecount="3" falsecount="1"/>
      <line num="187" count="2" type="cond" truecount="2" falsecount="2"/>
      <line num="189" count="2" type="stmt"/>
      <line num="192" count="2" type="cond" truecount="3" falsecount="2"/>
      <line num="194" count="2" type="stmt"/>
      <line num="195" count="2" type="stmt"/>
      <line num="196" count="2" type="stmt"/>
      <line num="197" count="2" type="cond" truecount="2" falsecount="0"/>
      <line num="198" count="1" type="stmt"/>
      <line num="199" count="1" type="cond" truecount="3" falsecount="1"/>
      <line num="202" count="2" type="stmt"/>
      <line num="203" count="2" type="stmt"/>
      <line num="205" count="2" type="stmt"/>
      <line num="206" count="2" type="stmt"/>
      <line num="209" count="0" type="stmt"/>
      <line num="215" count="1" type="stmt"/>
      <line num="217" count="1" type="stmt"/>
      <line num="221" count="1" type="stmt"/>
      <line num="222" count="1" type="stmt"/>
      <line num="223" count="1" type="stmt"/>
      <line num="224" count="1" type="stmt"/>
      <line num="229" count="1" type="stmt"/>
      <line num="230" count="1" type="stmt"/>
      <line num="231" count="1" type="stmt"/>
      <line num="235" count="1" type="cond" truecount="1" falsecount="1"/>
      <line num="236" count="0" type="stmt"/>
      <line num="238" count="1" type="stmt"/>
      <line num="241" count="1" type="stmt"/>
    </file>
  </project>
</coverage>
