{"D:\\深圳刷客\\src\\bank.js": {"path":"D:\\深圳刷客\\src\\bank.js","statementMap":{"0":{"start":{"line":1,"column":0},"end":{"line":55,"column":5}},"1":{"start":{"line":2,"column":14},"end":{"line":2,"column":37}},"2":{"start":{"line":3,"column":18},"end":{"line":3,"column":32}},"3":{"start":{"line":9,"column":2},"end":{"line":14,"column":4}},"4":{"start":{"line":10,"column":4},"end":{"line":12,"column":5}},"5":{"start":{"line":11,"column":6},"end":{"line":11,"column":35}},"6":{"start":{"line":13,"column":4},"end":{"line":13,"column":18}},"7":{"start":{"line":17,"column":2},"end":{"line":34,"column":4}},"8":{"start":{"line":18,"column":18},"end":{"line":24,"column":5}},"9":{"start":{"line":26,"column":4},"end":{"line":31,"column":5}},"10":{"start":{"line":27,"column":6},"end":{"line":30,"column":32}},"11":{"start":{"line":27,"column":26},"end":{"line":27,"column":44}},"12":{"start":{"line":28,"column":11},"end":{"line":30,"column":32}},"13":{"start":{"line":28,"column":31},"end":{"line":28,"column":50}},"14":{"start":{"line":29,"column":11},"end":{"line":30,"column":32}},"15":{"start":{"line":29,"column":37},"end":{"line":29,"column":57}},"16":{"start":{"line":30,"column":11},"end":{"line":30,"column":32}},"17":{"start":{"line":33,"column":4},"end":{"line":33,"column":17}},"18":{"start":{"line":37,"column":2},"end":{"line":52,"column":4}},"19":{"start":{"line":38,"column":17},"end":{"line":38,"column":19}},"20":{"start":{"line":39,"column":4},"end":{"line":41,"column":5}},"21":{"start":{"line":40,"column":6},"end":{"line":40,"column":30}},"22":{"start":{"line":43,"column":17},"end":{"line":45,"column":6}},"23":{"start":{"line":46,"column":16},"end":{"line":46,"column":41}},"24":{"start":{"line":47,"column":14},"end":{"line":47,"column":41}},"25":{"start":{"line":48,"column":4},"end":{"line":48,"column":17}},"26":{"start":{"line":49,"column":4},"end":{"line":49,"column":26}},"27":{"start":{"line":50,"column":4},"end":{"line":50,"column":14}},"28":{"start":{"line":51,"column":4},"end":{"line":51,"column":29}},"29":{"start":{"line":54,"column":2},"end":{"line":54,"column":34}}},"fnMap":{"0":{"name":"(anonymous_0)","decl":{"start":{"line":1,"column":1},"end":{"line":1,"column":2}},"loc":{"start":{"line":1,"column":7},"end":{"line":55,"column":1}},"line":1},"1":{"name":"(anonymous_1)","decl":{"start":{"line":9,"column":22},"end":{"line":9,"column":23}},"loc":{"start":{"line":9,"column":47},"end":{"line":14,"column":3}},"line":9},"2":{"name":"(anonymous_2)","decl":{"start":{"line":17,"column":20},"end":{"line":17,"column":21}},"loc":{"start":{"line":17,"column":35},"end":{"line":34,"column":3}},"line":17},"3":{"name":"(anonymous_3)","decl":{"start":{"line":37,"column":24},"end":{"line":37,"column":25}},"loc":{"start":{"line":37,"column":71},"end":{"line":52,"column":3}},"line":37}},"branchMap":{"0":{"loc":{"start":{"line":27,"column":6},"end":{"line":30,"column":32}},"type":"if","locations":[{"start":{"line":27,"column":6},"end":{"line":30,"column":32}},{"start":{"line":28,"column":11},"end":{"line":30,"column":32}}],"line":27},"1":{"loc":{"start":{"line":28,"column":11},"end":{"line":30,"column":32}},"type":"if","locations":[{"start":{"line":28,"column":11},"end":{"line":30,"column":32}},{"start":{"line":29,"column":11},"end":{"line":30,"column":32}}],"line":28},"2":{"loc":{"start":{"line":29,"column":11},"end":{"line":30,"column":32}},"type":"if","locations":[{"start":{"line":29,"column":11},"end":{"line":30,"column":32}},{"start":{"line":30,"column":11},"end":{"line":30,"column":32}}],"line":29},"3":{"loc":{"start":{"line":37,"column":39},"end":{"line":37,"column":69}},"type":"default-arg","locations":[{"start":{"line":37,"column":50},"end":{"line":37,"column":69}}],"line":37}},"s":{"0":1,"1":1,"2":1,"3":1,"4":1,"5":2,"6":1,"7":1,"8":2,"9":2,"10":4,"11":1,"12":3,"13":1,"14":2,"15":1,"16":1,"17":2,"18":1,"19":1,"20":1,"21":2,"22":1,"23":1,"24":1,"25":1,"26":1,"27":1,"28":1,"29":1},"f":{"0":1,"1":1,"2":2,"3":1},"b":{"0":[1,3],"1":[1,2],"2":[1,1],"3":[0]},"_coverageSchema":"1a1c01bbd47fc00a2c39e90264f33305004495a9","hash":"27a7c75d149a3a59301b22ed7cd647e3b18b5d4a"}
,"D:\\深圳刷客\\src\\platforms.js": {"path":"D:\\深圳刷客\\src\\platforms.js","statementMap":{"0":{"start":{"line":3,"column":36},"end":{"line":33,"column":1}},"1":{"start":{"line":36,"column":2},"end":{"line":39,"column":3}},"2":{"start":{"line":37,"column":21},"end":{"line":37,"column":53}},"3":{"start":{"line":38,"column":4},"end":{"line":38,"column":59}},"4":{"start":{"line":38,"column":43},"end":{"line":38,"column":59}},"5":{"start":{"line":40,"column":2},"end":{"line":40,"column":14}},"6":{"start":{"line":44,"column":2},"end":{"line":44,"column":69}},"7":{"start":{"line":44,"column":58},"end":{"line":44,"column":67}},"8":{"start":{"line":48,"column":2},"end":{"line":48,"column":46}}},"fnMap":{"0":{"name":"getPlatformByDomain","decl":{"start":{"line":35,"column":16},"end":{"line":35,"column":35}},"loc":{"start":{"line":35,"column":44},"end":{"line":41,"column":1}},"line":35},"1":{"name":"getAllSupportedDomains","decl":{"start":{"line":43,"column":16},"end":{"line":43,"column":38}},"loc":{"start":{"line":43,"column":41},"end":{"line":45,"column":1}},"line":43},"2":{"name":"(anonymous_2)","decl":{"start":{"line":44,"column":53},"end":{"line":44,"column":54}},"loc":{"start":{"line":44,"column":58},"end":{"line":44,"column":67}},"line":44},"3":{"name":"isSiteSupported","decl":{"start":{"line":47,"column":16},"end":{"line":47,"column":31}},"loc":{"start":{"line":47,"column":40},"end":{"line":49,"column":1}},"line":47}},"branchMap":{"0":{"loc":{"start":{"line":38,"column":4},"end":{"line":38,"column":59}},"type":"if","locations":[{"start":{"line":38,"column":4},"end":{"line":38,"column":59}},{"start":{},"end":{}}],"line":38}},"s":{"0":1,"1":2,"2":4,"3":4,"4":1,"5":1,"6":1,"7":2,"8":1},"f":{"0":2,"1":1,"2":2,"3":1},"b":{"0":[1,3]},"_coverageSchema":"1a1c01bbd47fc00a2c39e90264f33305004495a9","hash":"fef9516c1d11137006195528effb6d040b4c6bd9"}
,"D:\\深圳刷客\\src\\registry.js": {"path":"D:\\深圳刷客\\src\\registry.js","statementMap":{"0":{"start":{"line":1,"column":0},"end":{"line":12,"column":5}},"1":{"start":{"line":2,"column":14},"end":{"line":2,"column":37}},"2":{"start":{"line":5,"column":20},"end":{"line":9,"column":3}},"3":{"start":{"line":7,"column":21},"end":{"line":7,"column":43}},"4":{"start":{"line":8,"column":37},"end":{"line":8,"column":81}},"5":{"start":{"line":8,"column":65},"end":{"line":8,"column":79}}},"fnMap":{"0":{"name":"(anonymous_0)","decl":{"start":{"line":1,"column":1},"end":{"line":1,"column":2}},"loc":{"start":{"line":1,"column":7},"end":{"line":12,"column":1}},"line":1},"1":{"name":"(anonymous_1)","decl":{"start":{"line":7,"column":4},"end":{"line":7,"column":5}},"loc":{"start":{"line":7,"column":19},"end":{"line":7,"column":45}},"line":7},"2":{"name":"(anonymous_2)","decl":{"start":{"line":8,"column":4},"end":{"line":8,"column":5}},"loc":{"start":{"line":8,"column":35},"end":{"line":8,"column":83}},"line":8},"3":{"name":"(anonymous_3)","decl":{"start":{"line":8,"column":60},"end":{"line":8,"column":61}},"loc":{"start":{"line":8,"column":65},"end":{"line":8,"column":79}},"line":8}},"branchMap":{"0":{"loc":{"start":{"line":8,"column":12},"end":{"line":8,"column":33}},"type":"default-arg","locations":[{"start":{"line":8,"column":18},"end":{"line":8,"column":33}}],"line":8}},"s":{"0":1,"1":1,"2":1,"3":5,"4":3,"5":3},"f":{"0":1,"1":5,"2":3,"3":3},"b":{"0":[0]},"_coverageSchema":"1a1c01bbd47fc00a2c39e90264f33305004495a9","hash":"fd130e081f80efdab49feda670d351573ad59328"}
,"D:\\深圳刷客\\src\\util.js": {"path":"D:\\深圳刷客\\src\\util.js","statementMap":{"0":{"start":{"line":1,"column":0},"end":{"line":242,"column":5}},"1":{"start":{"line":2,"column":14},"end":{"line":2,"column":37}},"2":{"start":{"line":3,"column":16},"end":{"line":3,"column":30}},"3":{"start":{"line":6,"column":2},"end":{"line":8,"column":4}},"4":{"start":{"line":7,"column":4},"end":{"line":7,"column":61}},"5":{"start":{"line":11,"column":2},"end":{"line":22,"column":4}},"6":{"start":{"line":12,"column":4},"end":{"line":12,"column":25}},"7":{"start":{"line":12,"column":18},"end":{"line":12,"column":25}},"8":{"start":{"line":13,"column":26},"end":{"line":13,"column":87}},"9":{"start":{"line":14,"column":4},"end":{"line":21,"column":7}},"10":{"start":{"line":15,"column":20},"end":{"line":19,"column":8}},"11":{"start":{"line":20,"column":6},"end":{"line":20,"column":35}},"12":{"start":{"line":25,"column":2},"end":{"line":30,"column":4}},"13":{"start":{"line":26,"column":4},"end":{"line":26,"column":62}},"14":{"start":{"line":27,"column":18},"end":{"line":27,"column":59}},"15":{"start":{"line":28,"column":20},"end":{"line":28,"column":47}},"16":{"start":{"line":29,"column":4},"end":{"line":29,"column":86}},"17":{"start":{"line":33,"column":2},"end":{"line":59,"column":4}},"18":{"start":{"line":34,"column":4},"end":{"line":58,"column":7}},"19":{"start":{"line":35,"column":22},"end":{"line":35,"column":54}},"20":{"start":{"line":36,"column":6},"end":{"line":39,"column":7}},"21":{"start":{"line":37,"column":8},"end":{"line":37,"column":25}},"22":{"start":{"line":38,"column":8},"end":{"line":38,"column":15}},"23":{"start":{"line":41,"column":23},"end":{"line":47,"column":8}},"24":{"start":{"line":42,"column":24},"end":{"line":42,"column":56}},"25":{"start":{"line":43,"column":8},"end":{"line":46,"column":9}},"26":{"start":{"line":44,"column":10},"end":{"line":44,"column":32}},"27":{"start":{"line":45,"column":10},"end":{"line":45,"column":27}},"28":{"start":{"line":49,"column":6},"end":{"line":52,"column":9}},"29":{"start":{"line":54,"column":6},"end":{"line":57,"column":18}},"30":{"start":{"line":55,"column":8},"end":{"line":55,"column":30}},"31":{"start":{"line":56,"column":8},"end":{"line":56,"column":79}},"32":{"start":{"line":62,"column":2},"end":{"line":69,"column":4}},"33":{"start":{"line":63,"column":4},"end":{"line":68,"column":5}},"34":{"start":{"line":64,"column":6},"end":{"line":64,"column":18}},"35":{"start":{"line":66,"column":6},"end":{"line":66,"column":54}},"36":{"start":{"line":67,"column":6},"end":{"line":67,"column":26}},"37":{"start":{"line":72,"column":2},"end":{"line":88,"column":4}},"38":{"start":{"line":73,"column":22},"end":{"line":73,"column":53}},"39":{"start":{"line":74,"column":19},"end":{"line":74,"column":40}},"40":{"start":{"line":76,"column":4},"end":{"line":87,"column":5}},"41":{"start":{"line":78,"column":8},"end":{"line":78,"column":48}},"42":{"start":{"line":79,"column":8},"end":{"line":79,"column":14}},"43":{"start":{"line":81,"column":8},"end":{"line":81,"column":47}},"44":{"start":{"line":82,"column":8},"end":{"line":82,"column":14}},"45":{"start":{"line":85,"column":8},"end":{"line":85,"column":46}},"46":{"start":{"line":86,"column":8},"end":{"line":86,"column":14}},"47":{"start":{"line":91,"column":2},"end":{"line":91,"column":66}},"48":{"start":{"line":91,"column":35},"end":{"line":91,"column":65}},"49":{"start":{"line":92,"column":2},"end":{"line":92,"column":66}},"50":{"start":{"line":92,"column":35},"end":{"line":92,"column":65}},"51":{"start":{"line":93,"column":2},"end":{"line":93,"column":68}},"52":{"start":{"line":93,"column":36},"end":{"line":93,"column":67}},"53":{"start":{"line":96,"column":2},"end":{"line":106,"column":4}},"54":{"start":{"line":98,"column":4},"end":{"line":105,"column":6}},"55":{"start":{"line":99,"column":20},"end":{"line":102,"column":7}},"56":{"start":{"line":100,"column":8},"end":{"line":100,"column":30}},"57":{"start":{"line":101,"column":8},"end":{"line":101,"column":31}},"58":{"start":{"line":103,"column":6},"end":{"line":103,"column":28}},"59":{"start":{"line":104,"column":6},"end":{"line":104,"column":40}},"60":{"start":{"line":109,"column":2},"end":{"line":121,"column":4}},"61":{"start":{"line":111,"column":4},"end":{"line":120,"column":6}},"62":{"start":{"line":112,"column":20},"end":{"line":115,"column":7}},"63":{"start":{"line":113,"column":8},"end":{"line":113,"column":23}},"64":{"start":{"line":114,"column":8},"end":{"line":114,"column":47}},"65":{"start":{"line":114,"column":24},"end":{"line":114,"column":47}},"66":{"start":{"line":116,"column":22},"end":{"line":116,"column":43}},"67":{"start":{"line":117,"column":6},"end":{"line":117,"column":28}},"68":{"start":{"line":118,"column":6},"end":{"line":118,"column":40}},"69":{"start":{"line":119,"column":6},"end":{"line":119,"column":42}},"70":{"start":{"line":119,"column":19},"end":{"line":119,"column":42}},"71":{"start":{"line":124,"column":2},"end":{"line":130,"column":4}},"72":{"start":{"line":125,"column":4},"end":{"line":125,"column":31}},"73":{"start":{"line":125,"column":18},"end":{"line":125,"column":31}},"74":{"start":{"line":126,"column":18},"end":{"line":126,"column":50}},"75":{"start":{"line":127,"column":4},"end":{"line":129,"column":33}},"76":{"start":{"line":133,"column":2},"end":{"line":141,"column":4}},"77":{"start":{"line":134,"column":4},"end":{"line":134,"column":25}},"78":{"start":{"line":134,"column":18},"end":{"line":134,"column":25}},"79":{"start":{"line":135,"column":4},"end":{"line":140,"column":7}},"80":{"start":{"line":144,"column":2},"end":{"line":174,"column":4}},"81":{"start":{"line":146,"column":6},"end":{"line":152,"column":7}},"82":{"start":{"line":147,"column":22},"end":{"line":147,"column":62}},"83":{"start":{"line":148,"column":8},"end":{"line":148,"column":56}},"84":{"start":{"line":150,"column":8},"end":{"line":150,"column":44}},"85":{"start":{"line":151,"column":8},"end":{"line":151,"column":28}},"86":{"start":{"line":156,"column":6},"end":{"line":162,"column":7}},"87":{"start":{"line":157,"column":8},"end":{"line":157,"column":72}},"88":{"start":{"line":158,"column":8},"end":{"line":158,"column":20}},"89":{"start":{"line":160,"column":8},"end":{"line":160,"column":44}},"90":{"start":{"line":161,"column":8},"end":{"line":161,"column":21}},"91":{"start":{"line":166,"column":6},"end":{"line":172,"column":7}},"92":{"start":{"line":167,"column":8},"end":{"line":167,"column":52}},"93":{"start":{"line":168,"column":8},"end":{"line":168,"column":20}},"94":{"start":{"line":170,"column":8},"end":{"line":170,"column":44}},"95":{"start":{"line":171,"column":8},"end":{"line":171,"column":21}},"96":{"start":{"line":177,"column":2},"end":{"line":212,"column":4}},"97":{"start":{"line":178,"column":4},"end":{"line":180,"column":7}},"98":{"start":{"line":179,"column":6},"end":{"line":179,"column":41}},"99":{"start":{"line":182,"column":4},"end":{"line":211,"column":7}},"100":{"start":{"line":183,"column":6},"end":{"line":210,"column":7}},"101":{"start":{"line":184,"column":18},"end":{"line":184,"column":39}},"102":{"start":{"line":185,"column":21},"end":{"line":185,"column":22}},"103":{"start":{"line":186,"column":8},"end":{"line":188,"column":9}},"104":{"start":{"line":187,"column":10},"end":{"line":187,"column":72}},"105":{"start":{"line":189,"column":8},"end":{"line":189,"column":47}},"106":{"start":{"line":192,"column":8},"end":{"line":207,"column":9}},"107":{"start":{"line":194,"column":23},"end":{"line":204,"column":11}},"108":{"start":{"line":195,"column":12},"end":{"line":201,"column":22}},"109":{"start":{"line":196,"column":24},"end":{"line":196,"column":55}},"110":{"start":{"line":197,"column":14},"end":{"line":200,"column":15}},"111":{"start":{"line":198,"column":26},"end":{"line":198,"column":34}},"112":{"start":{"line":199,"column":16},"end":{"line":199,"column":52}},"113":{"start":{"line":199,"column":34},"end":{"line":199,"column":52}},"114":{"start":{"line":202,"column":12},"end":{"line":202,"column":60}},"115":{"start":{"line":203,"column":12},"end":{"line":203,"column":62}},"116":{"start":{"line":205,"column":10},"end":{"line":205,"column":55}},"117":{"start":{"line":206,"column":10},"end":{"line":206,"column":57}},"118":{"start":{"line":209,"column":8},"end":{"line":209,"column":60}},"119":{"start":{"line":215,"column":2},"end":{"line":226,"column":4}},"120":{"start":{"line":217,"column":6},"end":{"line":217,"column":41}},"121":{"start":{"line":221,"column":6},"end":{"line":221,"column":39}},"122":{"start":{"line":222,"column":6},"end":{"line":222,"column":67}},"123":{"start":{"line":223,"column":22},"end":{"line":223,"column":60}},"124":{"start":{"line":224,"column":6},"end":{"line":224,"column":73}},"125":{"start":{"line":229,"column":2},"end":{"line":232,"column":4}},"126":{"start":{"line":230,"column":4},"end":{"line":230,"column":35}},"127":{"start":{"line":231,"column":4},"end":{"line":231,"column":29}},"128":{"start":{"line":235,"column":2},"end":{"line":239,"column":3}},"129":{"start":{"line":236,"column":4},"end":{"line":236,"column":61}},"130":{"start":{"line":238,"column":4},"end":{"line":238,"column":16}},"131":{"start":{"line":241,"column":2},"end":{"line":241,"column":34}}},"fnMap":{"0":{"name":"(anonymous_0)","decl":{"start":{"line":1,"column":1},"end":{"line":1,"column":2}},"loc":{"start":{"line":1,"column":7},"end":{"line":242,"column":1}},"line":1},"1":{"name":"randomDelay","decl":{"start":{"line":6,"column":30},"end":{"line":6,"column":41}},"loc":{"start":{"line":6,"column":52},"end":{"line":8,"column":3}},"line":6},"2":{"name":"simulateClick","decl":{"start":{"line":11,"column":32},"end":{"line":11,"column":45}},"loc":{"start":{"line":11,"column":55},"end":{"line":22,"column":3}},"line":11},"3":{"name":"(anonymous_3)","decl":{"start":{"line":14,"column":26},"end":{"line":14,"column":27}},"loc":{"start":{"line":14,"column":39},"end":{"line":21,"column":5}},"line":14},"4":{"name":"getUrlParameter","decl":{"start":{"line":25,"column":34},"end":{"line":25,"column":49}},"loc":{"start":{"line":25,"column":56},"end":{"line":30,"column":3}},"line":25},"5":{"name":"waitForElement","decl":{"start":{"line":33,"column":33},"end":{"line":33,"column":47}},"loc":{"start":{"line":33,"column":75},"end":{"line":59,"column":3}},"line":33},"6":{"name":"(anonymous_6)","decl":{"start":{"line":34,"column":23},"end":{"line":34,"column":24}},"loc":{"start":{"line":34,"column":44},"end":{"line":58,"column":5}},"line":34},"7":{"name":"(anonymous_7)","decl":{"start":{"line":41,"column":44},"end":{"line":41,"column":45}},"loc":{"start":{"line":41,"column":50},"end":{"line":47,"column":7}},"line":41},"8":{"name":"(anonymous_8)","decl":{"start":{"line":54,"column":17},"end":{"line":54,"column":18}},"loc":{"start":{"line":54,"column":23},"end":{"line":57,"column":7}},"line":54},"9":{"name":"safeExecute","decl":{"start":{"line":62,"column":30},"end":{"line":62,"column":41}},"loc":{"start":{"line":62,"column":88},"end":{"line":69,"column":3}},"line":62},"10":{"name":"log","decl":{"start":{"line":72,"column":22},"end":{"line":72,"column":25}},"loc":{"start":{"line":72,"column":51},"end":{"line":88,"column":3}},"line":72},"11":{"name":"(anonymous_11)","decl":{"start":{"line":91,"column":17},"end":{"line":91,"column":18}},"loc":{"start":{"line":91,"column":35},"end":{"line":91,"column":65}},"line":91},"12":{"name":"(anonymous_12)","decl":{"start":{"line":92,"column":17},"end":{"line":92,"column":18}},"loc":{"start":{"line":92,"column":35},"end":{"line":92,"column":65}},"line":92},"13":{"name":"(anonymous_13)","decl":{"start":{"line":93,"column":18},"end":{"line":93,"column":19}},"loc":{"start":{"line":93,"column":36},"end":{"line":93,"column":67}},"line":93},"14":{"name":"throttle","decl":{"start":{"line":96,"column":27},"end":{"line":96,"column":35}},"loc":{"start":{"line":96,"column":48},"end":{"line":106,"column":3}},"line":96},"15":{"name":"executedFunction","decl":{"start":{"line":98,"column":20},"end":{"line":98,"column":36}},"loc":{"start":{"line":98,"column":46},"end":{"line":105,"column":5}},"line":98},"16":{"name":"(anonymous_16)","decl":{"start":{"line":99,"column":20},"end":{"line":99,"column":21}},"loc":{"start":{"line":99,"column":26},"end":{"line":102,"column":7}},"line":99},"17":{"name":"debounce","decl":{"start":{"line":109,"column":27},"end":{"line":109,"column":35}},"loc":{"start":{"line":109,"column":67},"end":{"line":121,"column":3}},"line":109},"18":{"name":"executedFunction","decl":{"start":{"line":111,"column":20},"end":{"line":111,"column":36}},"loc":{"start":{"line":111,"column":46},"end":{"line":120,"column":5}},"line":111},"19":{"name":"(anonymous_19)","decl":{"start":{"line":112,"column":20},"end":{"line":112,"column":21}},"loc":{"start":{"line":112,"column":26},"end":{"line":115,"column":7}},"line":112},"20":{"name":"isElementVisible","decl":{"start":{"line":124,"column":35},"end":{"line":124,"column":51}},"loc":{"start":{"line":124,"column":61},"end":{"line":130,"column":3}},"line":124},"21":{"name":"scrollIntoView","decl":{"start":{"line":133,"column":33},"end":{"line":133,"column":47}},"loc":{"start":{"line":133,"column":71},"end":{"line":141,"column":3}},"line":133},"22":{"name":"(anonymous_22)","decl":{"start":{"line":145,"column":9},"end":{"line":145,"column":10}},"loc":{"start":{"line":145,"column":44},"end":{"line":153,"column":5}},"line":145},"23":{"name":"(anonymous_23)","decl":{"start":{"line":155,"column":9},"end":{"line":155,"column":10}},"loc":{"start":{"line":155,"column":30},"end":{"line":163,"column":5}},"line":155},"24":{"name":"(anonymous_24)","decl":{"start":{"line":165,"column":12},"end":{"line":165,"column":13}},"loc":{"start":{"line":165,"column":26},"end":{"line":173,"column":5}},"line":165},"25":{"name":"setupGlobalErrorHandler","decl":{"start":{"line":177,"column":42},"end":{"line":177,"column":65}},"loc":{"start":{"line":177,"column":68},"end":{"line":212,"column":3}},"line":177},"26":{"name":"(anonymous_26)","decl":{"start":{"line":178,"column":37},"end":{"line":178,"column":38}},"loc":{"start":{"line":178,"column":48},"end":{"line":180,"column":5}},"line":178},"27":{"name":"(anonymous_27)","decl":{"start":{"line":182,"column":50},"end":{"line":182,"column":51}},"loc":{"start":{"line":182,"column":61},"end":{"line":211,"column":5}},"line":182},"28":{"name":"(anonymous_28)","decl":{"start":{"line":194,"column":23},"end":{"line":194,"column":24}},"loc":{"start":{"line":194,"column":29},"end":{"line":204,"column":11}},"line":194},"29":{"name":"(anonymous_29)","decl":{"start":{"line":199,"column":42},"end":{"line":199,"column":43}},"loc":{"start":{"line":199,"column":48},"end":{"line":199,"column":50}},"line":199},"30":{"name":"(anonymous_30)","decl":{"start":{"line":216,"column":11},"end":{"line":216,"column":12}},"loc":{"start":{"line":216,"column":27},"end":{"line":218,"column":5}},"line":216},"31":{"name":"(anonymous_31)","decl":{"start":{"line":220,"column":9},"end":{"line":220,"column":10}},"loc":{"start":{"line":220,"column":25},"end":{"line":225,"column":5}},"line":220},"32":{"name":"init","decl":{"start":{"line":229,"column":23},"end":{"line":229,"column":27}},"loc":{"start":{"line":229,"column":30},"end":{"line":232,"column":3}},"line":229}},"branchMap":{"0":{"loc":{"start":{"line":12,"column":4},"end":{"line":12,"column":25}},"type":"if","locations":[{"start":{"line":12,"column":4},"end":{"line":12,"column":25}},{"start":{},"end":{}}],"line":12},"1":{"loc":{"start":{"line":29,"column":11},"end":{"line":29,"column":85}},"type":"cond-expr","locations":[{"start":{"line":29,"column":30},"end":{"line":29,"column":32}},{"start":{"line":29,"column":35},"end":{"line":29,"column":85}}],"line":29},"2":{"loc":{"start":{"line":33,"column":58},"end":{"line":33,"column":73}},"type":"default-arg","locations":[{"start":{"line":33,"column":68},"end":{"line":33,"column":73}}],"line":33},"3":{"loc":{"start":{"line":36,"column":6},"end":{"line":39,"column":7}},"type":"if","locations":[{"start":{"line":36,"column":6},"end":{"line":39,"column":7}},{"start":{},"end":{}}],"line":36},"4":{"loc":{"start":{"line":43,"column":8},"end":{"line":46,"column":9}},"type":"if","locations":[{"start":{"line":43,"column":8},"end":{"line":46,"column":9}},{"start":{},"end":{}}],"line":43},"5":{"loc":{"start":{"line":62,"column":46},"end":{"line":62,"column":65}},"type":"default-arg","locations":[{"start":{"line":62,"column":56},"end":{"line":62,"column":65}}],"line":62},"6":{"loc":{"start":{"line":62,"column":67},"end":{"line":62,"column":86}},"type":"default-arg","locations":[{"start":{"line":62,"column":82},"end":{"line":62,"column":86}}],"line":62},"7":{"loc":{"start":{"line":76,"column":4},"end":{"line":87,"column":5}},"type":"switch","locations":[{"start":{"line":77,"column":6},"end":{"line":79,"column":14}},{"start":{"line":80,"column":6},"end":{"line":82,"column":14}},{"start":{"line":83,"column":6},"end":{"line":83,"column":18}},{"start":{"line":84,"column":6},"end":{"line":86,"column":14}}],"line":76},"8":{"loc":{"start":{"line":109,"column":48},"end":{"line":109,"column":65}},"type":"default-arg","locations":[{"start":{"line":109,"column":60},"end":{"line":109,"column":65}}],"line":109},"9":{"loc":{"start":{"line":114,"column":8},"end":{"line":114,"column":47}},"type":"if","locations":[{"start":{"line":114,"column":8},"end":{"line":114,"column":47}},{"start":{},"end":{}}],"line":114},"10":{"loc":{"start":{"line":116,"column":22},"end":{"line":116,"column":43}},"type":"binary-expr","locations":[{"start":{"line":116,"column":22},"end":{"line":116,"column":31}},{"start":{"line":116,"column":35},"end":{"line":116,"column":43}}],"line":116},"11":{"loc":{"start":{"line":119,"column":6},"end":{"line":119,"column":42}},"type":"if","locations":[{"start":{"line":119,"column":6},"end":{"line":119,"column":42}},{"start":{},"end":{}}],"line":119},"12":{"loc":{"start":{"line":125,"column":4},"end":{"line":125,"column":31}},"type":"if","locations":[{"start":{"line":125,"column":4},"end":{"line":125,"column":31}},{"start":{},"end":{}}],"line":125},"13":{"loc":{"start":{"line":127,"column":11},"end":{"line":129,"column":32}},"type":"binary-expr","locations":[{"start":{"line":127,"column":11},"end":{"line":127,"column":35}},{"start":{"line":128,"column":11},"end":{"line":128,"column":40}},{"start":{"line":129,"column":11},"end":{"line":129,"column":32}}],"line":127},"14":{"loc":{"start":{"line":133,"column":57},"end":{"line":133,"column":69}},"type":"default-arg","locations":[{"start":{"line":133,"column":67},"end":{"line":133,"column":69}}],"line":133},"15":{"loc":{"start":{"line":134,"column":4},"end":{"line":134,"column":25}},"type":"if","locations":[{"start":{"line":134,"column":4},"end":{"line":134,"column":25}},{"start":{},"end":{}}],"line":134},"16":{"loc":{"start":{"line":145,"column":23},"end":{"line":145,"column":42}},"type":"default-arg","locations":[{"start":{"line":145,"column":38},"end":{"line":145,"column":42}}],"line":145},"17":{"loc":{"start":{"line":148,"column":15},"end":{"line":148,"column":55}},"type":"cond-expr","locations":[{"start":{"line":148,"column":23},"end":{"line":148,"column":40}},{"start":{"line":148,"column":43},"end":{"line":148,"column":55}}],"line":148},"18":{"loc":{"start":{"line":184,"column":18},"end":{"line":184,"column":39}},"type":"binary-expr","locations":[{"start":{"line":184,"column":18},"end":{"line":184,"column":23}},{"start":{"line":184,"column":27},"end":{"line":184,"column":39}}],"line":184},"19":{"loc":{"start":{"line":186,"column":8},"end":{"line":188,"column":9}},"type":"if","locations":[{"start":{"line":186,"column":8},"end":{"line":188,"column":9}},{"start":{},"end":{}}],"line":186},"20":{"loc":{"start":{"line":186,"column":12},"end":{"line":186,"column":38}},"type":"binary-expr","locations":[{"start":{"line":186,"column":12},"end":{"line":186,"column":13}},{"start":{"line":186,"column":17},"end":{"line":186,"column":38}}],"line":186},"21":{"loc":{"start":{"line":187,"column":22},"end":{"line":187,"column":39}},"type":"binary-expr","locations":[{"start":{"line":187,"column":22},"end":{"line":187,"column":28}},{"start":{"line":187,"column":32},"end":{"line":187,"column":39}}],"line":187},"22":{"loc":{"start":{"line":187,"column":44},"end":{"line":187,"column":69}},"type":"binary-expr","locations":[{"start":{"line":187,"column":44},"end":{"line":187,"column":53}},{"start":{"line":187,"column":57},"end":{"line":187,"column":69}}],"line":187},"23":{"loc":{"start":{"line":192,"column":8},"end":{"line":207,"column":9}},"type":"if","locations":[{"start":{"line":192,"column":8},"end":{"line":207,"column":9}},{"start":{},"end":{}}],"line":192},"24":{"loc":{"start":{"line":192,"column":12},"end":{"line":192,"column":88}},"type":"binary-expr","locations":[{"start":{"line":192,"column":12},"end":{"line":192,"column":13}},{"start":{"line":192,"column":18},"end":{"line":192,"column":46}},{"start":{"line":192,"column":50},"end":{"line":192,"column":87}}],"line":192},"25":{"loc":{"start":{"line":197,"column":14},"end":{"line":200,"column":15}},"type":"if","locations":[{"start":{"line":197,"column":14},"end":{"line":200,"column":15}},{"start":{},"end":{}}],"line":197},"26":{"loc":{"start":{"line":199,"column":16},"end":{"line":199,"column":52}},"type":"if","locations":[{"start":{"line":199,"column":16},"end":{"line":199,"column":52}},{"start":{},"end":{}}],"line":199},"27":{"loc":{"start":{"line":199,"column":20},"end":{"line":199,"column":32}},"type":"binary-expr","locations":[{"start":{"line":199,"column":20},"end":{"line":199,"column":21}},{"start":{"line":199,"column":25},"end":{"line":199,"column":32}}],"line":199},"28":{"loc":{"start":{"line":235,"column":2},"end":{"line":239,"column":3}},"type":"if","locations":[{"start":{"line":235,"column":2},"end":{"line":239,"column":3}},{"start":{"line":237,"column":9},"end":{"line":239,"column":3}}],"line":235}},"s":{"0":1,"1":1,"2":1,"3":1,"4":100,"5":1,"6":2,"7":1,"8":1,"9":1,"10":5,"11":5,"12":1,"13":3,"14":3,"15":3,"16":3,"17":1,"18":3,"19":3,"20":3,"21":1,"22":1,"23":2,"24":1,"25":1,"26":1,"27":1,"28":2,"29":2,"30":1,"31":1,"32":1,"33":2,"34":2,"35":1,"36":1,"37":1,"38":6,"39":6,"40":6,"41":2,"42":2,"43":1,"44":1,"45":3,"46":3,"47":1,"48":2,"49":1,"50":1,"51":1,"52":2,"53":1,"54":1,"55":3,"56":1,"57":1,"58":3,"59":3,"60":1,"61":2,"62":7,"63":2,"64":2,"65":1,"66":7,"67":7,"68":7,"69":7,"70":2,"71":1,"72":5,"73":1,"74":4,"75":4,"76":1,"77":2,"78":1,"79":1,"80":1,"81":4,"82":4,"83":4,"84":1,"85":1,"86":2,"87":2,"88":1,"89":1,"90":1,"91":2,"92":2,"93":1,"94":1,"95":1,"96":1,"97":1,"98":1,"99":1,"100":2,"101":2,"102":2,"103":2,"104":2,"105":2,"106":2,"107":2,"108":2,"109":2,"110":2,"111":1,"112":1,"113":1,"114":2,"115":2,"116":2,"117":2,"118":0,"119":1,"120":1,"121":1,"122":1,"123":1,"124":1,"125":1,"126":1,"127":1,"128":1,"129":0,"130":1,"131":1},"f":{"0":1,"1":100,"2":2,"3":5,"4":3,"5":3,"6":3,"7":1,"8":1,"9":2,"10":6,"11":2,"12":1,"13":2,"14":1,"15":3,"16":1,"17":2,"18":7,"19":2,"20":5,"21":2,"22":4,"23":2,"24":2,"25":1,"26":1,"27":2,"28":2,"29":0,"30":1,"31":1,"32":1},"b":{"0":[1,1],"1":[1,2],"2":[0],"3":[1,2],"4":[1,0],"5":[0],"6":[0],"7":[2,1,2,3],"8":[0],"9":[1,1],"10":[7,4],"11":[2,5],"12":[1,4],"13":[4,3,2],"14":[2],"15":[1,1],"16":[1],"17":[2,2],"18":[2,2],"19":[2,0],"20":[2,2],"21":[2,0],"22":[2,0],"23":[2,0],"24":[2,2,0],"25":[1,1],"26":[1,0],"27":[1,1],"28":[0,1]},"_coverageSchema":"1a1c01bbd47fc00a2c39e90264f33305004495a9","hash":"91cc281d139fa0856f296f790aeddc0a89cbf336"}
}
