TN:
SF:src\bank.js
FN:1,(anonymous_0)
FN:9,(anonymous_1)
FN:17,(anonymous_2)
FN:37,(anonymous_3)
FNF:4
FNH:4
FNDA:1,(anonymous_0)
FNDA:1,(anonymous_1)
FNDA:2,(anonymous_2)
FNDA:1,(anonymous_3)
DA:1,1
DA:2,1
DA:3,1
DA:9,1
DA:10,1
DA:11,2
DA:13,1
DA:17,1
DA:18,2
DA:26,2
DA:27,4
DA:28,3
DA:29,2
DA:30,1
DA:33,2
DA:37,1
DA:38,1
DA:39,1
DA:40,2
DA:43,1
DA:46,1
DA:47,1
DA:48,1
DA:49,1
DA:50,1
DA:51,1
DA:54,1
LF:27
LH:27
BRDA:27,0,0,1
BRDA:27,0,1,3
BRDA:28,1,0,1
BRDA:28,1,1,2
BRDA:29,2,0,1
BRDA:29,2,1,1
BRDA:37,3,0,0
BRF:7
BRH:6
end_of_record
TN:
SF:src\platforms.js
FN:35,getPlatformByDomain
FN:43,getAllSupportedDomains
FN:44,(anonymous_2)
FN:47,isSiteSupported
FNF:4
FNH:4
FNDA:2,getPlatformByDomain
FNDA:1,getAllSupportedDomains
FNDA:2,(anonymous_2)
FNDA:1,isSiteSupported
DA:3,1
DA:36,2
DA:37,4
DA:38,4
DA:40,1
DA:44,2
DA:48,1
LF:7
LH:7
BRDA:38,0,0,1
BRDA:38,0,1,3
BRF:2
BRH:2
end_of_record
TN:
SF:src\registry.js
FN:1,(anonymous_0)
FN:7,(anonymous_1)
FN:8,(anonymous_2)
FN:8,(anonymous_3)
FNF:4
FNH:4
FNDA:1,(anonymous_0)
FNDA:5,(anonymous_1)
FNDA:3,(anonymous_2)
FNDA:3,(anonymous_3)
DA:1,1
DA:2,1
DA:5,1
DA:7,5
DA:8,3
LF:5
LH:5
BRDA:8,0,0,0
BRF:1
BRH:0
end_of_record
TN:
SF:src\util.js
FN:1,(anonymous_0)
FN:6,randomDelay
FN:11,simulateClick
FN:14,(anonymous_3)
FN:25,getUrlParameter
FN:33,waitForElement
FN:34,(anonymous_6)
FN:41,(anonymous_7)
FN:54,(anonymous_8)
FN:62,safeExecute
FN:72,log
FN:91,(anonymous_11)
FN:92,(anonymous_12)
FN:93,(anonymous_13)
FN:96,throttle
FN:98,executedFunction
FN:99,(anonymous_16)
FN:109,debounce
FN:111,executedFunction
FN:112,(anonymous_19)
FN:124,isElementVisible
FN:133,scrollIntoView
FN:145,(anonymous_22)
FN:155,(anonymous_23)
FN:165,(anonymous_24)
FN:177,setupGlobalErrorHandler
FN:178,(anonymous_26)
FN:182,(anonymous_27)
FN:194,(anonymous_28)
FN:199,(anonymous_29)
FN:216,(anonymous_30)
FN:220,(anonymous_31)
FN:229,init
FNF:33
FNH:32
FNDA:1,(anonymous_0)
FNDA:100,randomDelay
FNDA:2,simulateClick
FNDA:5,(anonymous_3)
FNDA:3,getUrlParameter
FNDA:3,waitForElement
FNDA:3,(anonymous_6)
FNDA:1,(anonymous_7)
FNDA:1,(anonymous_8)
FNDA:2,safeExecute
FNDA:6,log
FNDA:2,(anonymous_11)
FNDA:1,(anonymous_12)
FNDA:2,(anonymous_13)
FNDA:1,throttle
FNDA:3,executedFunction
FNDA:1,(anonymous_16)
FNDA:2,debounce
FNDA:7,executedFunction
FNDA:2,(anonymous_19)
FNDA:5,isElementVisible
FNDA:2,scrollIntoView
FNDA:4,(anonymous_22)
FNDA:2,(anonymous_23)
FNDA:2,(anonymous_24)
FNDA:1,setupGlobalErrorHandler
FNDA:1,(anonymous_26)
FNDA:2,(anonymous_27)
FNDA:2,(anonymous_28)
FNDA:0,(anonymous_29)
FNDA:1,(anonymous_30)
FNDA:1,(anonymous_31)
FNDA:1,init
DA:1,1
DA:2,1
DA:3,1
DA:6,1
DA:7,100
DA:11,1
DA:12,2
DA:13,1
DA:14,1
DA:15,5
DA:20,5
DA:25,1
DA:26,3
DA:27,3
DA:28,3
DA:29,3
DA:33,1
DA:34,3
DA:35,3
DA:36,3
DA:37,1
DA:38,1
DA:41,2
DA:42,1
DA:43,1
DA:44,1
DA:45,1
DA:49,2
DA:54,2
DA:55,1
DA:56,1
DA:62,1
DA:63,2
DA:64,2
DA:66,1
DA:67,1
DA:72,1
DA:73,6
DA:74,6
DA:76,6
DA:78,2
DA:79,2
DA:81,1
DA:82,1
DA:85,3
DA:86,3
DA:91,2
DA:92,1
DA:93,2
DA:96,1
DA:98,1
DA:99,3
DA:100,1
DA:101,1
DA:103,3
DA:104,3
DA:109,1
DA:111,2
DA:112,7
DA:113,2
DA:114,2
DA:116,7
DA:117,7
DA:118,7
DA:119,7
DA:124,1
DA:125,5
DA:126,4
DA:127,4
DA:133,1
DA:134,2
DA:135,1
DA:144,1
DA:146,4
DA:147,4
DA:148,4
DA:150,1
DA:151,1
DA:156,2
DA:157,2
DA:158,1
DA:160,1
DA:161,1
DA:166,2
DA:167,2
DA:168,1
DA:170,1
DA:171,1
DA:177,1
DA:178,1
DA:179,1
DA:182,1
DA:183,2
DA:184,2
DA:185,2
DA:186,2
DA:187,2
DA:189,2
DA:192,2
DA:194,2
DA:195,2
DA:196,2
DA:197,2
DA:198,1
DA:199,1
DA:202,2
DA:203,2
DA:205,2
DA:206,2
DA:209,0
DA:215,1
DA:217,1
DA:221,1
DA:222,1
DA:223,1
DA:224,1
DA:229,1
DA:230,1
DA:231,1
DA:235,1
DA:236,0
DA:238,1
DA:241,1
LF:123
LH:121
BRDA:12,0,0,1
BRDA:12,0,1,1
BRDA:29,1,0,1
BRDA:29,1,1,2
BRDA:33,2,0,0
BRDA:36,3,0,1
BRDA:36,3,1,2
BRDA:43,4,0,1
BRDA:43,4,1,0
BRDA:62,5,0,0
BRDA:62,6,0,0
BRDA:76,7,0,2
BRDA:76,7,1,1
BRDA:76,7,2,2
BRDA:76,7,3,3
BRDA:109,8,0,0
BRDA:114,9,0,1
BRDA:114,9,1,1
BRDA:116,10,0,7
BRDA:116,10,1,4
BRDA:119,11,0,2
BRDA:119,11,1,5
BRDA:125,12,0,1
BRDA:125,12,1,4
BRDA:127,13,0,4
BRDA:127,13,1,3
BRDA:127,13,2,2
BRDA:133,14,0,2
BRDA:134,15,0,1
BRDA:134,15,1,1
BRDA:145,16,0,1
BRDA:148,17,0,2
BRDA:148,17,1,2
BRDA:184,18,0,2
BRDA:184,18,1,2
BRDA:186,19,0,2
BRDA:186,19,1,0
BRDA:186,20,0,2
BRDA:186,20,1,2
BRDA:187,21,0,2
BRDA:187,21,1,0
BRDA:187,22,0,2
BRDA:187,22,1,0
BRDA:192,23,0,2
BRDA:192,23,1,0
BRDA:192,24,0,2
BRDA:192,24,1,2
BRDA:192,24,2,0
BRDA:197,25,0,1
BRDA:197,25,1,1
BRDA:199,26,0,1
BRDA:199,26,1,0
BRDA:199,27,0,1
BRDA:199,27,1,1
BRDA:235,28,0,0
BRDA:235,28,1,1
BRF:56
BRH:44
end_of_record
